0 info it worked if it ends with ok
1 verbose cli [ 'C:\\Users\\rmesson\\Desktop\\Node3\\nodejs\\node.exe',
1 verbose cli   'C:\\Users\\rmesson\\AppData\\Roaming\\npm\\node_modules\\npm\\bin\\npm-cli.js',
1 verbose cli   'start' ]
2 info using npm@3.10.10
3 info using node@v8.9.4
4 verbose stack Error: ENOENT: no such file or directory, open 'C:\Users\rmesson\Desktop\webPaa1031\package.json'
5 verbose cwd C:\Users\rmesson\Desktop\webPaa1031
6 error Windows_NT 6.1.7601
7 error argv "C:\\Users\\rmesson\\Desktop\\Node3\\nodejs\\node.exe" "C:\\Users\\rmesson\\AppData\\Roaming\\npm\\node_modules\\npm\\bin\\npm-cli.js" "start"
8 error node v8.9.4
9 error npm  v3.10.10
10 error path C:\Users\rmesson\Desktop\webPaa1031\package.json
11 error code ENOENT
12 error errno -4058
13 error syscall open
14 error enoent ENOENT: no such file or directory, open 'C:\Users\rmesson\Desktop\webPaa1031\package.json'
15 error enoent ENOENT: no such file or directory, open 'C:\Users\rmesson\Desktop\webPaa1031\package.json'
15 error enoent This is most likely not a problem with npm itself
15 error enoent and is related to npm not being able to find a file.
16 verbose exit [ -4058, true ]
